{"/home/mwhit/oliver/projects/deft/repos/deft/src/agent/watchdogBridge.ts": {"path":"/home/mwhit/oliver/projects/deft/repos/deft/src/agent/watchdogBridge.ts","statementMap":{"0":{"start":{"line":63,"column":0},"end":{"line":63,"column":16}},"1":{"start":{"line":94,"column":0},"end":{"line":94,"column":16}},"2":{"start":{"line":330,"column":0},"end":{"line":330,"column":16}},"3":{"start":{"line":353,"column":0},"end":{"line":353,"column":16}},"4":{"start":{"line":367,"column":0},"end":{"line":367,"column":16}},"5":{"start":{"line":380,"column":0},"end":{"line":380,"column":16}},"6":{"start":{"line":391,"column":0},"end":{"line":391,"column":16}},"7":{"start":{"line":406,"column":0},"end":{"line":406,"column":16}},"8":{"start":{"line":14,"column":0},"end":{"line":14,"column":55}},"9":{"start":{"line":15,"column":0},"end":{"line":15,"column":53}},"10":{"start":{"line":16,"column":0},"end":{"line":16,"column":68}},"11":{"start":{"line":17,"column":0},"end":{"line":17,"column":null}},"12":{"start":{"line":29,"column":0},"end":{"line":29,"column":117}},"13":{"start":{"line":30,"column":0},"end":{"line":30,"column":null}},"14":{"start":{"line":37,"column":0},"end":{"line":37,"column":9}},"15":{"start":{"line":37,"column":9},"end":{"line":37,"column":54}},"16":{"start":{"line":58,"column":16},"end":{"line":58,"column":65}},"17":{"start":{"line":61,"column":17},"end":{"line":61,"column":22}},"18":{"start":{"line":64,"column":2},"end":{"line":64,"column":20}},"19":{"start":{"line":71,"column":31},"end":{"line":81,"column":8}},"20":{"start":{"line":87,"column":17},"end":{"line":87,"column":89}},"21":{"start":{"line":95,"column":12},"end":{"line":95,"column":39}},"22":{"start":{"line":96,"column":2},"end":{"line":96,"column":22}},"23":{"start":{"line":96,"column":10},"end":{"line":96,"column":22}},"24":{"start":{"line":97,"column":12},"end":{"line":97,"column":28}},"25":{"start":{"line":98,"column":15},"end":{"line":98,"column":33}},"26":{"start":{"line":100,"column":2},"end":{"line":106,"column":3}},"27":{"start":{"line":101,"column":4},"end":{"line":101,"column":31}},"28":{"start":{"line":102,"column":9},"end":{"line":106,"column":3}},"29":{"start":{"line":103,"column":4},"end":{"line":103,"column":27}},"30":{"start":{"line":105,"column":4},"end":{"line":105,"column":28}},"31":{"start":{"line":107,"column":15},"end":{"line":107,"column":45}},"32":{"start":{"line":108,"column":2},"end":{"line":108,"column":25}},"33":{"start":{"line":108,"column":13},"end":{"line":108,"column":25}},"34":{"start":{"line":109,"column":2},"end":{"line":109,"column":30}},"35":{"start":{"line":123,"column":19},"end":{"line":123,"column":32}},"36":{"start":{"line":125,"column":2},"end":{"line":210,"column":3}},"37":{"start":{"line":127,"column":24},"end":{"line":127,"column":null}},"38":{"start":{"line":159,"column":23},"end":{"line":159,"column":38}},"39":{"start":{"line":160,"column":21},"end":{"line":160,"column":69}},"40":{"start":{"line":163,"column":4},"end":{"line":180,"column":5}},"41":{"start":{"line":164,"column":6},"end":{"line":170,"column":9}},"42":{"start":{"line":171,"column":11},"end":{"line":180,"column":5}},"43":{"start":{"line":172,"column":6},"end":{"line":172,"column":60}},"44":{"start":{"line":173,"column":11},"end":{"line":180,"column":5}},"45":{"start":{"line":174,"column":6},"end":{"line":177,"column":9}},"46":{"start":{"line":179,"column":6},"end":{"line":179,"column":51}},"47":{"start":{"line":183,"column":23},"end":{"line":183,"column":59}},"48":{"start":{"line":185,"column":17},"end":{"line":194,"column":6}},"49":{"start":{"line":196,"column":4},"end":{"line":206,"column":5}},"50":{"start":{"line":197,"column":6},"end":{"line":205,"column":7}},"51":{"start":{"line":198,"column":24},"end":{"line":198,"column":89}},"52":{"start":{"line":199,"column":8},"end":{"line":199,"column":74}},"53":{"start":{"line":200,"column":13},"end":{"line":205,"column":7}},"54":{"start":{"line":201,"column":24},"end":{"line":201,"column":87}},"55":{"start":{"line":202,"column":8},"end":{"line":202,"column":74}},"56":{"start":{"line":203,"column":13},"end":{"line":205,"column":7}},"57":{"start":{"line":204,"column":8},"end":{"line":204,"column":53}},"58":{"start":{"line":207,"column":4},"end":{"line":207,"column":51}},"59":{"start":{"line":209,"column":4},"end":{"line":209,"column":49}},"60":{"start":{"line":225,"column":19},"end":{"line":225,"column":41}},"61":{"start":{"line":228,"column":2},"end":{"line":241,"column":3}},"62":{"start":{"line":229,"column":4},"end":{"line":229,"column":45}},"63":{"start":{"line":230,"column":4},"end":{"line":230,"column":28}},"64":{"start":{"line":231,"column":9},"end":{"line":241,"column":3}},"65":{"start":{"line":232,"column":4},"end":{"line":232,"column":45}},"66":{"start":{"line":233,"column":4},"end":{"line":233,"column":29}},"67":{"start":{"line":234,"column":9},"end":{"line":241,"column":3}},"68":{"start":{"line":235,"column":4},"end":{"line":235,"column":42}},"69":{"start":{"line":236,"column":4},"end":{"line":236,"column":25}},"70":{"start":{"line":238,"column":24},"end":{"line":238,"column":64}},"71":{"start":{"line":239,"column":4},"end":{"line":239,"column":89}},"72":{"start":{"line":240,"column":4},"end":{"line":240,"column":53}},"73":{"start":{"line":242,"column":2},"end":{"line":247,"column":5}},"74":{"start":{"line":251,"column":2},"end":{"line":260,"column":3}},"75":{"start":{"line":253,"column":6},"end":{"line":253,"column":83}},"76":{"start":{"line":255,"column":6},"end":{"line":257,"column":73}},"77":{"start":{"line":259,"column":6},"end":{"line":259,"column":94}},"78":{"start":{"line":274,"column":2},"end":{"line":274,"column":45}},"79":{"start":{"line":274,"column":33},"end":{"line":274,"column":45}},"80":{"start":{"line":275,"column":12},"end":{"line":275,"column":82}},"81":{"start":{"line":276,"column":2},"end":{"line":276,"column":19}},"82":{"start":{"line":280,"column":23},"end":{"line":280,"column":43}},"83":{"start":{"line":281,"column":2},"end":{"line":290,"column":3}},"84":{"start":{"line":282,"column":4},"end":{"line":282,"column":104}},"85":{"start":{"line":286,"column":25},"end":{"line":286,"column":59}},"86":{"start":{"line":287,"column":4},"end":{"line":287,"column":39}},"87":{"start":{"line":289,"column":4},"end":{"line":289,"column":73}},"88":{"start":{"line":294,"column":23},"end":{"line":294,"column":43}},"89":{"start":{"line":295,"column":2},"end":{"line":300,"column":3}},"90":{"start":{"line":296,"column":4},"end":{"line":296,"column":72}},"91":{"start":{"line":297,"column":4},"end":{"line":297,"column":46}},"92":{"start":{"line":299,"column":4},"end":{"line":299,"column":69}},"93":{"start":{"line":304,"column":23},"end":{"line":304,"column":43}},"94":{"start":{"line":305,"column":2},"end":{"line":309,"column":3}},"95":{"start":{"line":306,"column":4},"end":{"line":306,"column":46}},"96":{"start":{"line":308,"column":4},"end":{"line":308,"column":28}},"97":{"start":{"line":313,"column":2},"end":{"line":313,"column":63}},"98":{"start":{"line":313,"column":23},"end":{"line":313,"column":63}},"99":{"start":{"line":314,"column":2},"end":{"line":314,"column":57}},"100":{"start":{"line":314,"column":20},"end":{"line":314,"column":57}},"101":{"start":{"line":315,"column":2},"end":{"line":315,"column":37}},"102":{"start":{"line":331,"column":2},"end":{"line":333,"column":3}},"103":{"start":{"line":332,"column":4},"end":{"line":332,"column":16}},"104":{"start":{"line":335,"column":17},"end":{"line":335,"column":61}},"105":{"start":{"line":337,"column":17},"end":{"line":339,"column":16}},"106":{"start":{"line":338,"column":4},"end":{"line":338,"column":26}},"107":{"start":{"line":340,"column":2},"end":{"line":340,"column":33}},"108":{"start":{"line":343,"column":23},"end":{"line":343,"column":50}},"109":{"start":{"line":344,"column":2},"end":{"line":344,"column":64}},"110":{"start":{"line":347,"column":2},"end":{"line":347,"column":52}},"111":{"start":{"line":347,"column":21},"end":{"line":347,"column":43}},"112":{"start":{"line":349,"column":2},"end":{"line":349,"column":16}},"113":{"start":{"line":354,"column":17},"end":{"line":354,"column":32}},"114":{"start":{"line":355,"column":2},"end":{"line":358,"column":3}},"115":{"start":{"line":356,"column":4},"end":{"line":356,"column":26}},"116":{"start":{"line":357,"column":4},"end":{"line":357,"column":23}},"117":{"start":{"line":359,"column":2},"end":{"line":359,"column":21}},"118":{"start":{"line":361,"column":2},"end":{"line":363,"column":3}},"119":{"start":{"line":362,"column":4},"end":{"line":362,"column":32}},"120":{"start":{"line":368,"column":17},"end":{"line":368,"column":32}},"121":{"start":{"line":369,"column":2},"end":{"line":372,"column":3}},"122":{"start":{"line":370,"column":4},"end":{"line":370,"column":26}},"123":{"start":{"line":371,"column":4},"end":{"line":371,"column":23}},"124":{"start":{"line":373,"column":2},"end":{"line":373,"column":20}},"125":{"start":{"line":374,"column":2},"end":{"line":376,"column":3}},"126":{"start":{"line":375,"column":4},"end":{"line":375,"column":28}},"127":{"start":{"line":381,"column":20},"end":{"line":381,"column":34}},"128":{"start":{"line":382,"column":17},"end":{"line":382,"column":51}},"129":{"start":{"line":382,"column":39},"end":{"line":382,"column":50}},"130":{"start":{"line":383,"column":2},"end":{"line":383,"column":52}},"131":{"start":{"line":383,"column":45},"end":{"line":383,"column":52}},"132":{"start":{"line":384,"column":2},"end":{"line":384,"column":21}},"133":{"start":{"line":385,"column":17},"end":{"line":385,"column":74}},"134":{"start":{"line":385,"column":37},"end":{"line":385,"column":52}},"135":{"start":{"line":386,"column":2},"end":{"line":386,"column":26}},"136":{"start":{"line":387,"column":2},"end":{"line":387,"column":53}},"137":{"start":{"line":392,"column":20},"end":{"line":392,"column":34}},"138":{"start":{"line":393,"column":2},"end":{"line":398,"column":3}},"139":{"start":{"line":394,"column":4},"end":{"line":397,"column":5}},"140":{"start":{"line":395,"column":21},"end":{"line":395,"column":85}},"141":{"start":{"line":395,"column":41},"end":{"line":395,"column":63}},"142":{"start":{"line":396,"column":6},"end":{"line":396,"column":37}},"143":{"start":{"line":399,"column":22},"end":{"line":399,"column":34}},"144":{"start":{"line":400,"column":2},"end":{"line":402,"column":3}},"145":{"start":{"line":401,"column":4},"end":{"line":401,"column":90}},"146":{"start":{"line":407,"column":2},"end":{"line":407,"column":26}},"147":{"start":{"line":415,"column":20},"end":{"line":415,"column":34}},"148":{"start":{"line":416,"column":17},"end":{"line":416,"column":51}},"149":{"start":{"line":416,"column":39},"end":{"line":416,"column":50}},"150":{"start":{"line":417,"column":2},"end":{"line":425,"column":3}},"151":{"start":{"line":419,"column":19},"end":{"line":419,"column":34}},"152":{"start":{"line":420,"column":4},"end":{"line":423,"column":5}},"153":{"start":{"line":421,"column":6},"end":{"line":421,"column":28}},"154":{"start":{"line":422,"column":6},"end":{"line":422,"column":25}},"155":{"start":{"line":424,"column":4},"end":{"line":424,"column":11}},"156":{"start":{"line":428,"column":2},"end":{"line":428,"column":25}},"157":{"start":{"line":428,"column":18},"end":{"line":428,"column":25}},"158":{"start":{"line":431,"column":2},"end":{"line":443,"column":3}},"159":{"start":{"line":432,"column":19},"end":{"line":432,"column":34}},"160":{"start":{"line":433,"column":4},"end":{"line":436,"column":5}},"161":{"start":{"line":434,"column":6},"end":{"line":434,"column":28}},"162":{"start":{"line":435,"column":6},"end":{"line":435,"column":25}},"163":{"start":{"line":437,"column":4},"end":{"line":437,"column":23}},"164":{"start":{"line":438,"column":4},"end":{"line":441,"column":6}},"165":{"start":{"line":442,"column":4},"end":{"line":442,"column":11}},"166":{"start":{"line":445,"column":2},"end":{"line":445,"column":61}},"167":{"start":{"line":447,"column":17},"end":{"line":447,"column":46}},"168":{"start":{"line":448,"column":2},"end":{"line":450,"column":3}},"169":{"start":{"line":449,"column":4},"end":{"line":449,"column":48}},"170":{"start":{"line":452,"column":2},"end":{"line":467,"column":3}},"171":{"start":{"line":453,"column":19},"end":{"line":453,"column":34}},"172":{"start":{"line":454,"column":4},"end":{"line":457,"column":5}},"173":{"start":{"line":455,"column":6},"end":{"line":455,"column":28}},"174":{"start":{"line":456,"column":6},"end":{"line":456,"column":25}},"175":{"start":{"line":458,"column":4},"end":{"line":458,"column":24}},"176":{"start":{"line":459,"column":4},"end":{"line":459,"column":80}},"177":{"start":{"line":461,"column":4},"end":{"line":461,"column":27}},"178":{"start":{"line":462,"column":4},"end":{"line":466,"column":5}},"179":{"start":{"line":464,"column":22},"end":{"line":464,"column":61}},"180":{"start":{"line":464,"column":49},"end":{"line":464,"column":60}},"181":{"start":{"line":465,"column":6},"end":{"line":465,"column":76}},"182":{"start":{"line":465,"column":19},"end":{"line":465,"column":76}}},"fnMap":{"0":{"name":"(anonymous_0)","decl":{"start":{"line":37,"column":9},"end":{"line":37,"column":29}},"loc":{"start":{"line":37,"column":9},"end":{"line":37,"column":54}}},"1":{"name":"setAgentBusy","decl":{"start":{"line":63,"column":16},"end":{"line":63,"column":28}},"loc":{"start":{"line":63,"column":42},"end":{"line":65,"column":1}}},"2":{"name":"parseWatchCommand","decl":{"start":{"line":94,"column":16},"end":{"line":94,"column":33}},"loc":{"start":{"line":94,"column":46},"end":{"line":110,"column":1}}},"3":{"name":"runWatchdogTick","decl":{"start":{"line":122,"column":15},"end":{"line":122,"column":30}},"loc":{"start":{"line":122,"column":53},"end":{"line":211,"column":1}}},"4":{"name":"_buildCloudProvider","decl":{"start":{"line":213,"column":9},"end":{"line":213,"column":28}},"loc":{"start":{"line":223,"column":42},"end":{"line":248,"column":1}}},"5":{"name":"resolveToolPreset","decl":{"start":{"line":250,"column":9},"end":{"line":250,"column":26}},"loc":{"start":{"line":250,"column":41},"end":{"line":261,"column":1}}},"6":{"name":"_getWatchdogModule","decl":{"start":{"line":273,"column":9},"end":{"line":273,"column":27}},"loc":{"start":{"line":273,"column":27},"end":{"line":277,"column":1}}},"7":{"name":"_showWatchdogNotification","decl":{"start":{"line":279,"column":9},"end":{"line":279,"column":34}},"loc":{"start":{"line":279,"column":76},"end":{"line":291,"column":1}}},"8":{"name":"_showWatchdogTriggeredNotification","decl":{"start":{"line":293,"column":9},"end":{"line":293,"column":43}},"loc":{"start":{"line":293,"column":82},"end":{"line":301,"column":1}}},"9":{"name":"_stopWatchdogNotification","decl":{"start":{"line":303,"column":9},"end":{"line":303,"column":34}},"loc":{"start":{"line":303,"column":34},"end":{"line":310,"column":1}}},"10":{"name":"_formatInterval","decl":{"start":{"line":312,"column":9},"end":{"line":312,"column":24}},"loc":{"start":{"line":312,"column":35},"end":{"line":316,"column":1}}},"11":{"name":"startWatchdog","decl":{"start":{"line":330,"column":16},"end":{"line":330,"column":29}},"loc":{"start":{"line":330,"column":88},"end":{"line":350,"column":1}}},"12":{"name":"(anonymous_12)","decl":{"start":{"line":337,"column":29},"end":{"line":337,"column":32}},"loc":{"start":{"line":337,"column":34},"end":{"line":339,"column":3}}},"13":{"name":"(anonymous_13)","decl":{"start":{"line":347,"column":13},"end":{"line":347,"column":16}},"loc":{"start":{"line":347,"column":18},"end":{"line":347,"column":45}}},"14":{"name":"stopWatchdog","decl":{"start":{"line":353,"column":16},"end":{"line":353,"column":28}},"loc":{"start":{"line":353,"column":39},"end":{"line":364,"column":1}}},"15":{"name":"pauseWatchdogById","decl":{"start":{"line":367,"column":16},"end":{"line":367,"column":33}},"loc":{"start":{"line":367,"column":44},"end":{"line":377,"column":1}}},"16":{"name":"resumeWatchdogById","decl":{"start":{"line":380,"column":16},"end":{"line":380,"column":34}},"loc":{"start":{"line":380,"column":45},"end":{"line":388,"column":1}}},"17":{"name":"(anonymous_17)","decl":{"start":{"line":382,"column":32},"end":{"line":382,"column":33}},"loc":{"start":{"line":382,"column":39},"end":{"line":382,"column":50}}},"18":{"name":"(anonymous_18)","decl":{"start":{"line":385,"column":29},"end":{"line":385,"column":32}},"loc":{"start":{"line":385,"column":34},"end":{"line":385,"column":54}}},"19":{"name":"restoreWatchdogs","decl":{"start":{"line":391,"column":16},"end":{"line":391,"column":32}},"loc":{"start":{"line":391,"column":32},"end":{"line":403,"column":1}}},"20":{"name":"(anonymous_20)","decl":{"start":{"line":395,"column":33},"end":{"line":395,"column":36}},"loc":{"start":{"line":395,"column":38},"end":{"line":395,"column":65}}},"21":{"name":"hasActiveWatchdogs","decl":{"start":{"line":406,"column":16},"end":{"line":406,"column":34}},"loc":{"start":{"line":406,"column":34},"end":{"line":408,"column":1}}},"22":{"name":"_tick","decl":{"start":{"line":414,"column":15},"end":{"line":414,"column":20}},"loc":{"start":{"line":414,"column":31},"end":{"line":468,"column":1}}},"23":{"name":"(anonymous_23)","decl":{"start":{"line":416,"column":32},"end":{"line":416,"column":33}},"loc":{"start":{"line":416,"column":39},"end":{"line":416,"column":50}}},"24":{"name":"(anonymous_24)","decl":{"start":{"line":464,"column":42},"end":{"line":464,"column":43}},"loc":{"start":{"line":464,"column":49},"end":{"line":464,"column":60}}}},"branchMap":{"0":{"loc":{"start":{"line":96,"column":2},"end":{"line":96,"column":22}},"type":"if","locations":[{"start":{"line":96,"column":2},"end":{"line":96,"column":22}},{"start":{},"end":{}}]},"1":{"loc":{"start":{"line":100,"column":2},"end":{"line":106,"column":3}},"type":"if","locations":[{"start":{"line":100,"column":2},"end":{"line":106,"column":3}},{"start":{"line":102,"column":9},"end":{"line":106,"column":3}}]},"2":{"loc":{"start":{"line":102,"column":9},"end":{"line":106,"column":3}},"type":"if","locations":[{"start":{"line":102,"column":9},"end":{"line":106,"column":3}},{"start":{"line":104,"column":9},"end":{"line":106,"column":3}}]},"3":{"loc":{"start":{"line":108,"column":2},"end":{"line":108,"column":25}},"type":"if","locations":[{"start":{"line":108,"column":2},"end":{"line":108,"column":25}},{"start":{},"end":{}}]},"4":{"loc":{"start":{"line":160,"column":21},"end":{"line":160,"column":69}},"type":"binary-expr","locations":[{"start":{"line":160,"column":21},"end":{"line":160,"column":43}},{"start":{"line":160,"column":47},"end":{"line":160,"column":69}}]},"5":{"loc":{"start":{"line":163,"column":4},"end":{"line":180,"column":5}},"type":"if","locations":[{"start":{"line":163,"column":4},"end":{"line":180,"column":5}},{"start":{"line":171,"column":11},"end":{"line":180,"column":5}}]},"6":{"loc":{"start":{"line":163,"column":8},"end":{"line":163,"column":30}},"type":"binary-expr","locations":[{"start":{"line":163,"column":8},"end":{"line":163,"column":18}},{"start":{"line":163,"column":22},"end":{"line":163,"column":30}}]},"7":{"loc":{"start":{"line":167,"column":31},"end":{"line":167,"column":68}},"type":"binary-expr","locations":[{"start":{"line":167,"column":31},"end":{"line":167,"column":55}},{"start":{"line":167,"column":59},"end":{"line":167,"column":68}}]},"8":{"loc":{"start":{"line":171,"column":11},"end":{"line":180,"column":5}},"type":"if","locations":[{"start":{"line":171,"column":11},"end":{"line":180,"column":5}},{"start":{"line":173,"column":11},"end":{"line":180,"column":5}}]},"9":{"loc":{"start":{"line":173,"column":11},"end":{"line":180,"column":5}},"type":"if","locations":[{"start":{"line":173,"column":11},"end":{"line":180,"column":5}},{"start":{"line":178,"column":11},"end":{"line":180,"column":5}}]},"10":{"loc":{"start":{"line":176,"column":29},"end":{"line":176,"column":66}},"type":"binary-expr","locations":[{"start":{"line":176,"column":29},"end":{"line":176,"column":53}},{"start":{"line":176,"column":57},"end":{"line":176,"column":66}}]},"11":{"loc":{"start":{"line":197,"column":6},"end":{"line":205,"column":7}},"type":"if","locations":[{"start":{"line":197,"column":6},"end":{"line":205,"column":7}},{"start":{"line":200,"column":13},"end":{"line":205,"column":7}}]},"12":{"loc":{"start":{"line":200,"column":13},"end":{"line":205,"column":7}},"type":"if","locations":[{"start":{"line":200,"column":13},"end":{"line":205,"column":7}},{"start":{"line":203,"column":13},"end":{"line":205,"column":7}}]},"13":{"loc":{"start":{"line":203,"column":13},"end":{"line":205,"column":7}},"type":"if","locations":[{"start":{"line":203,"column":13},"end":{"line":205,"column":7}},{"start":{},"end":{}}]},"14":{"loc":{"start":{"line":228,"column":2},"end":{"line":241,"column":3}},"type":"if","locations":[{"start":{"line":228,"column":2},"end":{"line":241,"column":3}},{"start":{"line":231,"column":9},"end":{"line":241,"column":3}}]},"15":{"loc":{"start":{"line":231,"column":9},"end":{"line":241,"column":3}},"type":"if","locations":[{"start":{"line":231,"column":9},"end":{"line":241,"column":3}},{"start":{"line":234,"column":9},"end":{"line":241,"column":3}}]},"16":{"loc":{"start":{"line":234,"column":9},"end":{"line":241,"column":3}},"type":"if","locations":[{"start":{"line":234,"column":9},"end":{"line":241,"column":3}},{"start":{"line":237,"column":9},"end":{"line":241,"column":3}}]},"17":{"loc":{"start":{"line":239,"column":14},"end":{"line":239,"column":88}},"type":"cond-expr","locations":[{"start":{"line":239,"column":28},"end":{"line":239,"column":58}},{"start":{"line":239,"column":61},"end":{"line":239,"column":88}}]},"18":{"loc":{"start":{"line":240,"column":16},"end":{"line":240,"column":52}},"type":"cond-expr","locations":[{"start":{"line":240,"column":30},"end":{"line":240,"column":41}},{"start":{"line":240,"column":44},"end":{"line":240,"column":52}}]},"19":{"loc":{"start":{"line":251,"column":2},"end":{"line":260,"column":3}},"type":"switch","locations":[{"start":{"line":252,"column":4},"end":{"line":253,"column":83}},{"start":{"line":254,"column":4},"end":{"line":257,"column":73}},{"start":{"line":258,"column":4},"end":{"line":259,"column":94}}]},"20":{"loc":{"start":{"line":274,"column":2},"end":{"line":274,"column":45}},"type":"if","locations":[{"start":{"line":274,"column":2},"end":{"line":274,"column":45}},{"start":{},"end":{}}]},"21":{"loc":{"start":{"line":276,"column":9},"end":{"line":276,"column":18}},"type":"binary-expr","locations":[{"start":{"line":276,"column":9},"end":{"line":276,"column":10}},{"start":{"line":276,"column":14},"end":{"line":276,"column":18}}]},"22":{"loc":{"start":{"line":281,"column":2},"end":{"line":290,"column":3}},"type":"if","locations":[{"start":{"line":281,"column":2},"end":{"line":290,"column":3}},{"start":{"line":285,"column":7},"end":{"line":290,"column":3}}]},"23":{"loc":{"start":{"line":295,"column":2},"end":{"line":300,"column":3}},"type":"if","locations":[{"start":{"line":295,"column":2},"end":{"line":300,"column":3}},{"start":{"line":298,"column":9},"end":{"line":300,"column":3}}]},"24":{"loc":{"start":{"line":305,"column":2},"end":{"line":309,"column":3}},"type":"if","locations":[{"start":{"line":305,"column":2},"end":{"line":309,"column":3}},{"start":{"line":307,"column":9},"end":{"line":309,"column":3}}]},"25":{"loc":{"start":{"line":313,"column":2},"end":{"line":313,"column":63}},"type":"if","locations":[{"start":{"line":313,"column":2},"end":{"line":313,"column":63}},{"start":{},"end":{}}]},"26":{"loc":{"start":{"line":314,"column":2},"end":{"line":314,"column":57}},"type":"if","locations":[{"start":{"line":314,"column":2},"end":{"line":314,"column":57}},{"start":{},"end":{}}]},"27":{"loc":{"start":{"line":330,"column":64},"end":{"line":330,"column":88}},"type":"default-arg","locations":[{"start":{"line":330,"column":77},"end":{"line":330,"column":88}}]},"28":{"loc":{"start":{"line":331,"column":2},"end":{"line":333,"column":3}},"type":"if","locations":[{"start":{"line":331,"column":2},"end":{"line":333,"column":3}},{"start":{},"end":{}}]},"29":{"loc":{"start":{"line":355,"column":2},"end":{"line":358,"column":3}},"type":"if","locations":[{"start":{"line":355,"column":2},"end":{"line":358,"column":3}},{"start":{},"end":{}}]},"30":{"loc":{"start":{"line":361,"column":2},"end":{"line":363,"column":3}},"type":"if","locations":[{"start":{"line":361,"column":2},"end":{"line":363,"column":3}},{"start":{},"end":{}}]},"31":{"loc":{"start":{"line":369,"column":2},"end":{"line":372,"column":3}},"type":"if","locations":[{"start":{"line":369,"column":2},"end":{"line":372,"column":3}},{"start":{},"end":{}}]},"32":{"loc":{"start":{"line":374,"column":2},"end":{"line":376,"column":3}},"type":"if","locations":[{"start":{"line":374,"column":2},"end":{"line":376,"column":3}},{"start":{},"end":{}}]},"33":{"loc":{"start":{"line":383,"column":2},"end":{"line":383,"column":52}},"type":"if","locations":[{"start":{"line":383,"column":2},"end":{"line":383,"column":52}},{"start":{},"end":{}}]},"34":{"loc":{"start":{"line":383,"column":6},"end":{"line":383,"column":43}},"type":"binary-expr","locations":[{"start":{"line":383,"column":6},"end":{"line":383,"column":13}},{"start":{"line":383,"column":17},"end":{"line":383,"column":43}}]},"35":{"loc":{"start":{"line":394,"column":4},"end":{"line":397,"column":5}},"type":"if","locations":[{"start":{"line":394,"column":4},"end":{"line":397,"column":5}},{"start":{},"end":{}}]},"36":{"loc":{"start":{"line":394,"column":8},"end":{"line":394,"column":61}},"type":"binary-expr","locations":[{"start":{"line":394,"column":8},"end":{"line":394,"column":34}},{"start":{"line":394,"column":38},"end":{"line":394,"column":61}}]},"37":{"loc":{"start":{"line":400,"column":2},"end":{"line":402,"column":3}},"type":"if","locations":[{"start":{"line":400,"column":2},"end":{"line":402,"column":3}},{"start":{},"end":{}}]},"38":{"loc":{"start":{"line":401,"column":53},"end":{"line":401,"column":79}},"type":"cond-expr","locations":[{"start":{"line":401,"column":71},"end":{"line":401,"column":74}},{"start":{"line":401,"column":77},"end":{"line":401,"column":79}}]},"39":{"loc":{"start":{"line":417,"column":2},"end":{"line":425,"column":3}},"type":"if","locations":[{"start":{"line":417,"column":2},"end":{"line":425,"column":3}},{"start":{},"end":{}}]},"40":{"loc":{"start":{"line":417,"column":6},"end":{"line":417,"column":43}},"type":"binary-expr","locations":[{"start":{"line":417,"column":6},"end":{"line":417,"column":13}},{"start":{"line":417,"column":17},"end":{"line":417,"column":43}}]},"41":{"loc":{"start":{"line":420,"column":4},"end":{"line":423,"column":5}},"type":"if","locations":[{"start":{"line":420,"column":4},"end":{"line":423,"column":5}},{"start":{},"end":{}}]},"42":{"loc":{"start":{"line":428,"column":2},"end":{"line":428,"column":25}},"type":"if","locations":[{"start":{"line":428,"column":2},"end":{"line":428,"column":25}},{"start":{},"end":{}}]},"43":{"loc":{"start":{"line":431,"column":2},"end":{"line":443,"column":3}},"type":"if","locations":[{"start":{"line":431,"column":2},"end":{"line":443,"column":3}},{"start":{},"end":{}}]},"44":{"loc":{"start":{"line":433,"column":4},"end":{"line":436,"column":5}},"type":"if","locations":[{"start":{"line":433,"column":4},"end":{"line":436,"column":5}},{"start":{},"end":{}}]},"45":{"loc":{"start":{"line":448,"column":2},"end":{"line":450,"column":3}},"type":"if","locations":[{"start":{"line":448,"column":2},"end":{"line":450,"column":3}},{"start":{},"end":{}}]},"46":{"loc":{"start":{"line":452,"column":2},"end":{"line":467,"column":3}},"type":"if","locations":[{"start":{"line":452,"column":2},"end":{"line":467,"column":3}},{"start":{"line":460,"column":9},"end":{"line":467,"column":3}}]},"47":{"loc":{"start":{"line":454,"column":4},"end":{"line":457,"column":5}},"type":"if","locations":[{"start":{"line":454,"column":4},"end":{"line":457,"column":5}},{"start":{},"end":{}}]},"48":{"loc":{"start":{"line":462,"column":4},"end":{"line":466,"column":5}},"type":"if","locations":[{"start":{"line":462,"column":4},"end":{"line":466,"column":5}},{"start":{},"end":{}}]},"49":{"loc":{"start":{"line":462,"column":8},"end":{"line":462,"column":53}},"type":"binary-expr","locations":[{"start":{"line":462,"column":8},"end":{"line":462,"column":24}},{"start":{"line":462,"column":28},"end":{"line":462,"column":53}}]},"50":{"loc":{"start":{"line":465,"column":6},"end":{"line":465,"column":76}},"type":"if","locations":[{"start":{"line":465,"column":6},"end":{"line":465,"column":76}},{"start":{},"end":{}}]}},"s":{"0":1,"1":1,"2":1,"3":1,"4":1,"5":1,"6":1,"7":1,"8":1,"9":1,"10":1,"11":1,"12":1,"13":1,"14":1,"15":1,"16":1,"17":1,"18":16,"19":1,"20":1,"21":15,"22":15,"23":4,"24":11,"25":11,"26":11,"27":2,"28":9,"29":2,"30":7,"31":11,"32":11,"33":2,"34":9,"35":3,"36":3,"37":3,"38":3,"39":3,"40":3,"41":0,"42":3,"43":0,"44":3,"45":2,"46":1,"47":2,"48":2,"49":2,"50":2,"51":1,"52":1,"53":1,"54":1,"55":1,"56":0,"57":0,"58":0,"59":0,"60":0,"61":0,"62":0,"63":0,"64":0,"65":0,"66":0,"67":0,"68":0,"69":0,"70":0,"71":0,"72":0,"73":0,"74":2,"75":2,"76":0,"77":0,"78":11,"79":11,"80":0,"81":0,"82":4,"83":4,"84":0,"85":4,"86":4,"87":4,"88":2,"89":2,"90":0,"91":0,"92":2,"93":5,"94":5,"95":0,"96":5,"97":8,"98":0,"99":8,"100":5,"101":3,"102":4,"103":0,"104":4,"105":4,"106":0,"107":4,"108":4,"109":4,"110":4,"111":4,"112":4,"113":5,"114":5,"115":3,"116":3,"117":5,"118":5,"119":5,"120":0,"121":0,"122":0,"123":0,"124":0,"125":0,"126":0,"127":0,"128":0,"129":0,"130":0,"131":0,"132":0,"133":0,"134":0,"135":0,"136":0,"137":1,"138":1,"139":1,"140":1,"141":1,"142":1,"143":1,"144":1,"145":1,"146":0,"147":5,"148":5,"149":5,"150":5,"151":0,"152":0,"153":0,"154":0,"155":0,"156":5,"157":1,"158":4,"159":1,"160":1,"161":1,"162":1,"163":1,"164":1,"165":1,"166":3,"167":3,"168":3,"169":2,"170":3,"171":1,"172":1,"173":1,"174":1,"175":1,"176":1,"177":2,"178":2,"179":1,"180":1,"181":1,"182":1},"f":{"0":0,"1":16,"2":15,"3":3,"4":0,"5":2,"6":11,"7":4,"8":2,"9":5,"10":8,"11":4,"12":0,"13":4,"14":5,"15":0,"16":0,"17":0,"18":0,"19":1,"20":1,"21":0,"22":5,"23":5,"24":1},"b":{"0":[4,11],"1":[2,9],"2":[2,7],"3":[2,9],"4":[3,0],"5":[0,3],"6":[3,2],"7":[0,0],"8":[0,3],"9":[2,1],"10":[2,2],"11":[1,1],"12":[1,0],"13":[0,0],"14":[0,0],"15":[0,0],"16":[0,0],"17":[0,0],"18":[0,0],"19":[2,0,0],"20":[11,0],"21":[0,0],"22":[0,4],"23":[0,2],"24":[0,5],"25":[0,8],"26":[5,3],"27":[4],"28":[0,4],"29":[3,2],"30":[5,0],"31":[0,0],"32":[0,0],"33":[0,0],"34":[0,0],"35":[1,0],"36":[1,1],"37":[1,0],"38":[0,1],"39":[0,5],"40":[5,5],"41":[0,0],"42":[1,4],"43":[1,3],"44":[1,0],"45":[2,1],"46":[1,2],"47":[1,0],"48":[1,1],"49":[2,2],"50":[1,0]}}
,"/home/mwhit/oliver/projects/deft/repos/deft/src/agent/watchdogTick.ts": {"path":"/home/mwhit/oliver/projects/deft/repos/deft/src/agent/watchdogTick.ts","statementMap":{"0":{"start":{"line":32,"column":0},"end":{"line":32,"column":16}},"1":{"start":{"line":37,"column":0},"end":{"line":37,"column":16}},"2":{"start":{"line":53,"column":0},"end":{"line":53,"column":16}},"3":{"start":{"line":33,"column":2},"end":{"line":33,"column":77}},"4":{"start":{"line":38,"column":2},"end":{"line":40,"column":54}},"5":{"start":{"line":50,"column":13},"end":{"line":50,"column":38}},"6":{"start":{"line":54,"column":2},"end":{"line":54,"column":27}}},"fnMap":{"0":{"name":"buildWatchdogContext","decl":{"start":{"line":32,"column":16},"end":{"line":32,"column":36}},"loc":{"start":{"line":32,"column":61},"end":{"line":34,"column":1}}},"1":{"name":"deriveWatchdogOutcome","decl":{"start":{"line":37,"column":16},"end":{"line":37,"column":37}},"loc":{"start":{"line":37,"column":66},"end":{"line":41,"column":1}}},"2":{"name":"canStartWatchdog","decl":{"start":{"line":53,"column":16},"end":{"line":53,"column":32}},"loc":{"start":{"line":53,"column":88},"end":{"line":55,"column":1}}}},"branchMap":{"0":{"loc":{"start":{"line":33,"column":9},"end":{"line":33,"column":76}},"type":"cond-expr","locations":[{"start":{"line":33,"column":28},"end":{"line":33,"column":71}},{"start":{"line":33,"column":74},"end":{"line":33,"column":76}}]},"1":{"loc":{"start":{"line":38,"column":9},"end":{"line":40,"column":53}},"type":"cond-expr","locations":[{"start":{"line":39,"column":6},"end":{"line":39,"column":55}},{"start":{"line":40,"column":6},"end":{"line":40,"column":53}}]},"2":{"loc":{"start":{"line":53,"column":54},"end":{"line":53,"column":88}},"type":"default-arg","locations":[{"start":{"line":53,"column":68},"end":{"line":53,"column":88}}]}},"s":{"0":2,"1":2,"2":2,"3":7,"4":7,"5":2,"6":10},"f":{"0":7,"1":7,"2":10},"b":{"0":[3,4],"1":[3,4],"2":[8]}}
,"/home/mwhit/oliver/projects/deft/repos/deft/src/store/watchdogStore.ts": {"path":"/home/mwhit/oliver/projects/deft/repos/deft/src/store/watchdogStore.ts","statementMap":{"0":{"start":{"line":79,"column":0},"end":{"line":79,"column":16}},"1":{"start":{"line":89,"column":0},"end":{"line":89,"column":16}},"2":{"start":{"line":93,"column":0},"end":{"line":93,"column":16}},"3":{"start":{"line":98,"column":0},"end":{"line":98,"column":16}},"4":{"start":{"line":123,"column":0},"end":{"line":123,"column":16}},"5":{"start":{"line":137,"column":0},"end":{"line":137,"column":16}},"6":{"start":{"line":146,"column":0},"end":{"line":146,"column":16}},"7":{"start":{"line":155,"column":0},"end":{"line":155,"column":16}},"8":{"start":{"line":164,"column":0},"end":{"line":164,"column":16}},"9":{"start":{"line":173,"column":0},"end":{"line":173,"column":16}},"10":{"start":{"line":182,"column":0},"end":{"line":182,"column":16}},"11":{"start":{"line":12,"column":0},"end":{"line":12,"column":69}},"12":{"start":{"line":42,"column":20},"end":{"line":42,"column":36}},"13":{"start":{"line":43,"column":26},"end":{"line":43,"column":28}},"14":{"start":{"line":45,"column":35},"end":{"line":45,"column":37}},"15":{"start":{"line":46,"column":63},"end":{"line":46,"column":65}},"16":{"start":{"line":53,"column":2},"end":{"line":58,"column":26}},"17":{"start":{"line":54,"column":16},"end":{"line":54,"column":55}},"18":{"start":{"line":55,"column":4},"end":{"line":57,"column":5}},"19":{"start":{"line":56,"column":6},"end":{"line":56,"column":55}},"20":{"start":{"line":62,"column":2},"end":{"line":62,"column":85}},"21":{"start":{"line":66,"column":15},"end":{"line":66,"column":30}},"22":{"start":{"line":67,"column":2},"end":{"line":69,"column":3}},"23":{"start":{"line":68,"column":4},"end":{"line":68,"column":12}},"24":{"start":{"line":73,"column":0},"end":{"line":73,"column":13}},"25":{"start":{"line":82,"column":2},"end":{"line":82,"column":28}},"26":{"start":{"line":83,"column":2},"end":{"line":83,"column":28}},"27":{"start":{"line":84,"column":2},"end":{"line":86,"column":4}},"28":{"start":{"line":85,"column":4},"end":{"line":85,"column":58}},"29":{"start":{"line":85,"column":42},"end":{"line":85,"column":56}},"30":{"start":{"line":90,"column":2},"end":{"line":90,"column":25}},"31":{"start":{"line":94,"column":2},"end":{"line":94,"column":57}},"32":{"start":{"line":94,"column":34},"end":{"line":94,"column":55}},"33":{"start":{"line":104,"column":33},"end":{"line":115,"column":4}},"34":{"start":{"line":116,"column":2},"end":{"line":116,"column":39}},"35":{"start":{"line":117,"column":2},"end":{"line":117,"column":10}},"36":{"start":{"line":118,"column":2},"end":{"line":118,"column":12}},"37":{"start":{"line":119,"column":2},"end":{"line":119,"column":16}},"38":{"start":{"line":124,"column":2},"end":{"line":128,"column":4}},"39":{"start":{"line":125,"column":4},"end":{"line":127,"column":9}},"40":{"start":{"line":129,"column":2},"end":{"line":129,"column":10}},"41":{"start":{"line":130,"column":2},"end":{"line":130,"column":12}},"42":{"start":{"line":138,"column":2},"end":{"line":140,"column":4}},"43":{"start":{"line":139,"column":4},"end":{"line":139,"column":50}},"44":{"start":{"line":141,"column":2},"end":{"line":141,"column":10}},"45":{"start":{"line":142,"column":2},"end":{"line":142,"column":12}},"46":{"start":{"line":147,"column":2},"end":{"line":149,"column":4}},"47":{"start":{"line":148,"column":4},"end":{"line":148,"column":74}},"48":{"start":{"line":150,"column":2},"end":{"line":150,"column":10}},"49":{"start":{"line":151,"column":2},"end":{"line":151,"column":12}},"50":{"start":{"line":156,"column":2},"end":{"line":158,"column":4}},"51":{"start":{"line":157,"column":4},"end":{"line":157,"column":48}},"52":{"start":{"line":159,"column":2},"end":{"line":159,"column":10}},"53":{"start":{"line":160,"column":2},"end":{"line":160,"column":12}},"54":{"start":{"line":165,"column":2},"end":{"line":167,"column":4}},"55":{"start":{"line":166,"column":4},"end":{"line":166,"column":48}},"56":{"start":{"line":168,"column":2},"end":{"line":168,"column":10}},"57":{"start":{"line":169,"column":2},"end":{"line":169,"column":12}},"58":{"start":{"line":174,"column":2},"end":{"line":176,"column":4}},"59":{"start":{"line":175,"column":4},"end":{"line":175,"column":51}},"60":{"start":{"line":177,"column":2},"end":{"line":177,"column":10}},"61":{"start":{"line":178,"column":2},"end":{"line":178,"column":12}},"62":{"start":{"line":183,"column":2},"end":{"line":185,"column":4}},"63":{"start":{"line":184,"column":11},"end":{"line":184,"column":63}},"64":{"start":{"line":186,"column":2},"end":{"line":186,"column":10}},"65":{"start":{"line":187,"column":2},"end":{"line":187,"column":12}}},"fnMap":{"0":{"name":"_load","decl":{"start":{"line":52,"column":15},"end":{"line":52,"column":20}},"loc":{"start":{"line":52,"column":20},"end":{"line":59,"column":1}}},"1":{"name":"_save","decl":{"start":{"line":61,"column":9},"end":{"line":61,"column":14}},"loc":{"start":{"line":61,"column":14},"end":{"line":63,"column":1}}},"2":{"name":"(anonymous_3)","decl":{"start":{"line":62,"column":75},"end":{"line":62,"column":78}},"loc":{"start":{"line":62,"column":80},"end":{"line":62,"column":83}}},"3":{"name":"_notify","decl":{"start":{"line":65,"column":9},"end":{"line":65,"column":16}},"loc":{"start":{"line":65,"column":16},"end":{"line":70,"column":1}}},"4":{"name":"subscribeWatchdogs","decl":{"start":{"line":79,"column":16},"end":{"line":79,"column":34}},"loc":{"start":{"line":80,"column":49},"end":{"line":87,"column":1}}},"5":{"name":"(anonymous_6)","decl":{"start":{"line":84,"column":9},"end":{"line":84,"column":12}},"loc":{"start":{"line":84,"column":14},"end":{"line":86,"column":3}}},"6":{"name":"(anonymous_7)","decl":{"start":{"line":85,"column":35},"end":{"line":85,"column":36}},"loc":{"start":{"line":85,"column":42},"end":{"line":85,"column":56}}},"7":{"name":"getWatchdogs","decl":{"start":{"line":89,"column":16},"end":{"line":89,"column":28}},"loc":{"start":{"line":89,"column":28},"end":{"line":91,"column":1}}},"8":{"name":"getActiveWatchdogs","decl":{"start":{"line":93,"column":16},"end":{"line":93,"column":34}},"loc":{"start":{"line":93,"column":34},"end":{"line":95,"column":1}}},"9":{"name":"(anonymous_10)","decl":{"start":{"line":94,"column":27},"end":{"line":94,"column":28}},"loc":{"start":{"line":94,"column":34},"end":{"line":94,"column":55}}},"10":{"name":"createWatchdog","decl":{"start":{"line":98,"column":16},"end":{"line":98,"column":30}},"loc":{"start":{"line":102,"column":30},"end":{"line":120,"column":1}}},"11":{"name":"recordWatchdogTick","decl":{"start":{"line":123,"column":16},"end":{"line":123,"column":34}},"loc":{"start":{"line":123,"column":45},"end":{"line":131,"column":1}}},"12":{"name":"(anonymous_13)","decl":{"start":{"line":124,"column":30},"end":{"line":124,"column":31}},"loc":{"start":{"line":125,"column":4},"end":{"line":127,"column":9}}},"13":{"name":"recordWatchdogResult","decl":{"start":{"line":137,"column":16},"end":{"line":137,"column":36}},"loc":{"start":{"line":137,"column":63},"end":{"line":143,"column":1}}},"14":{"name":"(anonymous_15)","decl":{"start":{"line":138,"column":30},"end":{"line":138,"column":31}},"loc":{"start":{"line":139,"column":4},"end":{"line":139,"column":50}}},"15":{"name":"triggerWatchdog","decl":{"start":{"line":146,"column":16},"end":{"line":146,"column":31}},"loc":{"start":{"line":146,"column":42},"end":{"line":152,"column":1}}},"16":{"name":"(anonymous_17)","decl":{"start":{"line":147,"column":30},"end":{"line":147,"column":31}},"loc":{"start":{"line":148,"column":4},"end":{"line":148,"column":74}}},"17":{"name":"pauseWatchdog","decl":{"start":{"line":155,"column":16},"end":{"line":155,"column":29}},"loc":{"start":{"line":155,"column":40},"end":{"line":161,"column":1}}},"18":{"name":"(anonymous_19)","decl":{"start":{"line":156,"column":30},"end":{"line":156,"column":31}},"loc":{"start":{"line":157,"column":4},"end":{"line":157,"column":48}}},"19":{"name":"resumeWatchdog","decl":{"start":{"line":164,"column":16},"end":{"line":164,"column":30}},"loc":{"start":{"line":164,"column":41},"end":{"line":170,"column":1}}},"20":{"name":"(anonymous_21)","decl":{"start":{"line":165,"column":30},"end":{"line":165,"column":31}},"loc":{"start":{"line":166,"column":4},"end":{"line":166,"column":48}}},"21":{"name":"cancelWatchdog","decl":{"start":{"line":173,"column":16},"end":{"line":173,"column":30}},"loc":{"start":{"line":173,"column":41},"end":{"line":179,"column":1}}},"22":{"name":"(anonymous_23)","decl":{"start":{"line":174,"column":30},"end":{"line":174,"column":31}},"loc":{"start":{"line":175,"column":4},"end":{"line":175,"column":51}}},"23":{"name":"clearFinishedWatchdogs","decl":{"start":{"line":182,"column":16},"end":{"line":182,"column":38}},"loc":{"start":{"line":182,"column":38},"end":{"line":188,"column":1}}},"24":{"name":"(anonymous_25)","decl":{"start":{"line":184,"column":4},"end":{"line":184,"column":5}},"loc":{"start":{"line":184,"column":11},"end":{"line":184,"column":63}}}},"branchMap":{"0":{"loc":{"start":{"line":55,"column":4},"end":{"line":57,"column":5}},"type":"if","locations":[{"start":{"line":55,"column":4},"end":{"line":57,"column":5}},{"start":{},"end":{}}]},"1":{"loc":{"start":{"line":101,"column":2},"end":{"line":101,"column":26}},"type":"default-arg","locations":[{"start":{"line":101,"column":15},"end":{"line":101,"column":26}}]},"2":{"loc":{"start":{"line":102,"column":2},"end":{"line":102,"column":30}},"type":"default-arg","locations":[{"start":{"line":102,"column":13},"end":{"line":102,"column":30}}]},"3":{"loc":{"start":{"line":125,"column":4},"end":{"line":127,"column":9}},"type":"cond-expr","locations":[{"start":{"line":126,"column":8},"end":{"line":126,"column":73}},{"start":{"line":127,"column":8},"end":{"line":127,"column":9}}]},"4":{"loc":{"start":{"line":139,"column":4},"end":{"line":139,"column":50}},"type":"cond-expr","locations":[{"start":{"line":139,"column":18},"end":{"line":139,"column":46}},{"start":{"line":139,"column":49},"end":{"line":139,"column":50}}]},"5":{"loc":{"start":{"line":148,"column":4},"end":{"line":148,"column":74}},"type":"cond-expr","locations":[{"start":{"line":148,"column":18},"end":{"line":148,"column":70}},{"start":{"line":148,"column":73},"end":{"line":148,"column":74}}]},"6":{"loc":{"start":{"line":157,"column":4},"end":{"line":157,"column":48}},"type":"cond-expr","locations":[{"start":{"line":157,"column":18},"end":{"line":157,"column":44}},{"start":{"line":157,"column":47},"end":{"line":157,"column":48}}]},"7":{"loc":{"start":{"line":166,"column":4},"end":{"line":166,"column":48}},"type":"cond-expr","locations":[{"start":{"line":166,"column":18},"end":{"line":166,"column":44}},{"start":{"line":166,"column":47},"end":{"line":166,"column":48}}]},"8":{"loc":{"start":{"line":175,"column":4},"end":{"line":175,"column":51}},"type":"cond-expr","locations":[{"start":{"line":175,"column":18},"end":{"line":175,"column":47}},{"start":{"line":175,"column":50},"end":{"line":175,"column":51}}]},"9":{"loc":{"start":{"line":184,"column":11},"end":{"line":184,"column":63}},"type":"binary-expr","locations":[{"start":{"line":184,"column":11},"end":{"line":184,"column":35}},{"start":{"line":184,"column":39},"end":{"line":184,"column":63}}]}},"s":{"0":12,"1":12,"2":12,"3":12,"4":12,"5":12,"6":12,"7":12,"8":12,"9":12,"10":12,"11":12,"12":12,"13":12,"14":12,"15":12,"16":12,"17":12,"18":12,"19":0,"20":60,"21":60,"22":60,"23":1,"24":12,"25":1,"26":1,"27":1,"28":1,"29":1,"30":37,"31":9,"32":6,"33":20,"34":20,"35":20,"36":20,"37":20,"38":7,"39":7,"40":7,"41":7,"42":3,"43":3,"44":3,"45":3,"46":3,"47":6,"48":3,"49":3,"50":2,"51":5,"52":2,"53":2,"54":1,"55":1,"56":1,"57":1,"58":8,"59":11,"60":8,"61":8,"62":16,"63":9,"64":16,"65":16},"f":{"0":12,"1":60,"2":0,"3":60,"4":1,"5":1,"6":1,"7":37,"8":9,"9":6,"10":20,"11":7,"12":7,"13":3,"14":3,"15":3,"16":6,"17":2,"18":5,"19":1,"20":1,"21":8,"22":11,"23":16,"24":9},"b":{"0":[0,12],"1":[14],"2":[18],"3":[6,1],"4":[3,0],"5":[3,3],"6":[2,3],"7":[1,0],"8":[8,3],"9":[9,3]}}
}
