TN:
SF:src/agent/watchdogBridge.ts
FN:37,(anonymous_0)
FN:63,setAgentBusy
FN:94,parseWatchCommand
FN:122,runWatchdogTick
FN:213,_buildCloudProvider
FN:250,resolveToolPreset
FN:273,_getWatchdogModule
FN:279,_showWatchdogNotification
FN:293,_showWatchdogTriggeredNotification
FN:303,_stopWatchdogNotification
FN:312,_formatInterval
FN:330,startWatchdog
FN:337,(anonymous_12)
FN:347,(anonymous_13)
FN:353,stopWatchdog
FN:367,pauseWatchdogById
FN:380,resumeWatchdogById
FN:382,(anonymous_17)
FN:385,(anonymous_18)
FN:391,restoreWatchdogs
FN:395,(anonymous_20)
FN:406,hasActiveWatchdogs
FN:414,_tick
FN:416,(anonymous_23)
FN:464,(anonymous_24)
FNF:25
FNH:17
FNDA:0,(anonymous_0)
FNDA:16,setAgentBusy
FNDA:15,parseWatchCommand
FNDA:3,runWatchdogTick
FNDA:0,_buildCloudProvider
FNDA:2,resolveToolPreset
FNDA:11,_getWatchdogModule
FNDA:4,_showWatchdogNotification
FNDA:2,_showWatchdogTriggeredNotification
FNDA:5,_stopWatchdogNotification
FNDA:8,_formatInterval
FNDA:4,startWatchdog
FNDA:0,(anonymous_12)
FNDA:4,(anonymous_13)
FNDA:5,stopWatchdog
FNDA:0,pauseWatchdogById
FNDA:0,resumeWatchdogById
FNDA:0,(anonymous_17)
FNDA:0,(anonymous_18)
FNDA:1,restoreWatchdogs
FNDA:1,(anonymous_20)
FNDA:0,hasActiveWatchdogs
FNDA:5,_tick
FNDA:5,(anonymous_23)
FNDA:1,(anonymous_24)
DA:14,1
DA:15,1
DA:16,1
DA:17,1
DA:29,1
DA:30,1
DA:37,1
DA:58,1
DA:61,1
DA:63,1
DA:64,16
DA:71,1
DA:87,1
DA:94,1
DA:95,15
DA:96,15
DA:97,11
DA:98,11
DA:100,11
DA:101,2
DA:102,9
DA:103,2
DA:105,7
DA:107,11
DA:108,11
DA:109,9
DA:123,3
DA:125,3
DA:127,3
DA:159,3
DA:160,3
DA:163,3
DA:164,0
DA:171,3
DA:172,0
DA:173,3
DA:174,2
DA:179,1
DA:183,2
DA:185,2
DA:196,2
DA:197,2
DA:198,1
DA:199,1
DA:200,1
DA:201,1
DA:202,1
DA:203,0
DA:204,0
DA:207,0
DA:209,0
DA:225,0
DA:228,0
DA:229,0
DA:230,0
DA:231,0
DA:232,0
DA:233,0
DA:234,0
DA:235,0
DA:236,0
DA:238,0
DA:239,0
DA:240,0
DA:242,0
DA:251,2
DA:253,2
DA:255,0
DA:259,0
DA:274,11
DA:275,0
DA:276,0
DA:280,4
DA:281,4
DA:282,0
DA:286,4
DA:287,4
DA:289,4
DA:294,2
DA:295,2
DA:296,0
DA:297,0
DA:299,2
DA:304,5
DA:305,5
DA:306,0
DA:308,5
DA:313,8
DA:314,8
DA:315,3
DA:330,1
DA:331,4
DA:332,0
DA:335,4
DA:337,4
DA:338,0
DA:340,4
DA:343,4
DA:344,4
DA:347,4
DA:349,4
DA:353,1
DA:354,5
DA:355,5
DA:356,3
DA:357,3
DA:359,5
DA:361,5
DA:362,5
DA:367,1
DA:368,0
DA:369,0
DA:370,0
DA:371,0
DA:373,0
DA:374,0
DA:375,0
DA:380,1
DA:381,0
DA:382,0
DA:383,0
DA:384,0
DA:385,0
DA:386,0
DA:387,0
DA:391,1
DA:392,1
DA:393,1
DA:394,1
DA:395,1
DA:396,1
DA:399,1
DA:400,1
DA:401,1
DA:406,1
DA:407,0
DA:415,5
DA:416,5
DA:417,5
DA:419,0
DA:420,0
DA:421,0
DA:422,0
DA:424,0
DA:428,5
DA:431,4
DA:432,1
DA:433,1
DA:434,1
DA:435,1
DA:437,1
DA:438,1
DA:442,1
DA:445,3
DA:447,3
DA:448,3
DA:449,2
DA:452,3
DA:453,1
DA:454,1
DA:455,1
DA:456,1
DA:458,1
DA:459,1
DA:461,2
DA:462,2
DA:464,1
DA:465,1
LF:168
LH:118
BRDA:96,0,0,4
BRDA:96,0,1,11
BRDA:100,1,0,2
BRDA:100,1,1,9
BRDA:102,2,0,2
BRDA:102,2,1,7
BRDA:108,3,0,2
BRDA:108,3,1,9
BRDA:160,4,0,3
BRDA:160,4,1,0
BRDA:163,5,0,0
BRDA:163,5,1,3
BRDA:163,6,0,3
BRDA:163,6,1,2
BRDA:167,7,0,0
BRDA:167,7,1,0
BRDA:171,8,0,0
BRDA:171,8,1,3
BRDA:173,9,0,2
BRDA:173,9,1,1
BRDA:176,10,0,2
BRDA:176,10,1,2
BRDA:197,11,0,1
BRDA:197,11,1,1
BRDA:200,12,0,1
BRDA:200,12,1,0
BRDA:203,13,0,0
BRDA:203,13,1,0
BRDA:228,14,0,0
BRDA:228,14,1,0
BRDA:231,15,0,0
BRDA:231,15,1,0
BRDA:234,16,0,0
BRDA:234,16,1,0
BRDA:239,17,0,0
BRDA:239,17,1,0
BRDA:240,18,0,0
BRDA:240,18,1,0
BRDA:251,19,0,2
BRDA:251,19,1,0
BRDA:251,19,2,0
BRDA:274,20,0,11
BRDA:274,20,1,0
BRDA:276,21,0,0
BRDA:276,21,1,0
BRDA:281,22,0,0
BRDA:281,22,1,4
BRDA:295,23,0,0
BRDA:295,23,1,2
BRDA:305,24,0,0
BRDA:305,24,1,5
BRDA:313,25,0,0
BRDA:313,25,1,8
BRDA:314,26,0,5
BRDA:314,26,1,3
BRDA:330,27,0,4
BRDA:331,28,0,0
BRDA:331,28,1,4
BRDA:355,29,0,3
BRDA:355,29,1,2
BRDA:361,30,0,5
BRDA:361,30,1,0
BRDA:369,31,0,0
BRDA:369,31,1,0
BRDA:374,32,0,0
BRDA:374,32,1,0
BRDA:383,33,0,0
BRDA:383,33,1,0
BRDA:383,34,0,0
BRDA:383,34,1,0
BRDA:394,35,0,1
BRDA:394,35,1,0
BRDA:394,36,0,1
BRDA:394,36,1,1
BRDA:400,37,0,1
BRDA:400,37,1,0
BRDA:401,38,0,0
BRDA:401,38,1,1
BRDA:417,39,0,0
BRDA:417,39,1,5
BRDA:417,40,0,5
BRDA:417,40,1,5
BRDA:420,41,0,0
BRDA:420,41,1,0
BRDA:428,42,0,1
BRDA:428,42,1,4
BRDA:431,43,0,1
BRDA:431,43,1,3
BRDA:433,44,0,1
BRDA:433,44,1,0
BRDA:448,45,0,2
BRDA:448,45,1,1
BRDA:452,46,0,1
BRDA:452,46,1,2
BRDA:454,47,0,1
BRDA:454,47,1,0
BRDA:462,48,0,1
BRDA:462,48,1,1
BRDA:462,49,0,2
BRDA:462,49,1,2
BRDA:465,50,0,1
BRDA:465,50,1,0
BRF:102
BRH:56
end_of_record
TN:
SF:src/agent/watchdogTick.ts
FN:32,buildWatchdogContext
FN:37,deriveWatchdogOutcome
FN:53,canStartWatchdog
FNF:3
FNH:3
FNDA:7,buildWatchdogContext
FNDA:7,deriveWatchdogOutcome
FNDA:10,canStartWatchdog
DA:32,2
DA:33,7
DA:37,2
DA:38,7
DA:50,2
DA:53,2
DA:54,10
LF:7
LH:7
BRDA:33,0,0,3
BRDA:33,0,1,4
BRDA:38,1,0,3
BRDA:38,1,1,4
BRDA:53,2,0,8
BRF:5
BRH:5
end_of_record
TN:
SF:src/store/watchdogStore.ts
FN:52,_load
FN:61,_save
FN:62,(anonymous_3)
FN:65,_notify
FN:79,subscribeWatchdogs
FN:84,(anonymous_6)
FN:85,(anonymous_7)
FN:89,getWatchdogs
FN:93,getActiveWatchdogs
FN:94,(anonymous_10)
FN:98,createWatchdog
FN:123,recordWatchdogTick
FN:124,(anonymous_13)
FN:137,recordWatchdogResult
FN:138,(anonymous_15)
FN:146,triggerWatchdog
FN:147,(anonymous_17)
FN:155,pauseWatchdog
FN:156,(anonymous_19)
FN:164,resumeWatchdog
FN:165,(anonymous_21)
FN:173,cancelWatchdog
FN:174,(anonymous_23)
FN:182,clearFinishedWatchdogs
FN:184,(anonymous_25)
FNF:25
FNH:24
FNDA:12,_load
FNDA:60,_save
FNDA:0,(anonymous_3)
FNDA:60,_notify
FNDA:1,subscribeWatchdogs
FNDA:1,(anonymous_6)
FNDA:1,(anonymous_7)
FNDA:37,getWatchdogs
FNDA:9,getActiveWatchdogs
FNDA:6,(anonymous_10)
FNDA:20,createWatchdog
FNDA:7,recordWatchdogTick
FNDA:7,(anonymous_13)
FNDA:3,recordWatchdogResult
FNDA:3,(anonymous_15)
FNDA:3,triggerWatchdog
FNDA:6,(anonymous_17)
FNDA:2,pauseWatchdog
FNDA:5,(anonymous_19)
FNDA:1,resumeWatchdog
FNDA:1,(anonymous_21)
FNDA:8,cancelWatchdog
FNDA:11,(anonymous_23)
FNDA:16,clearFinishedWatchdogs
FNDA:9,(anonymous_25)
DA:12,12
DA:42,12
DA:43,12
DA:45,12
DA:46,12
DA:53,12
DA:54,12
DA:55,12
DA:56,0
DA:62,60
DA:66,60
DA:67,60
DA:68,1
DA:73,12
DA:79,12
DA:82,1
DA:83,1
DA:84,1
DA:85,1
DA:89,12
DA:90,37
DA:93,12
DA:94,9
DA:98,12
DA:104,20
DA:116,20
DA:117,20
DA:118,20
DA:119,20
DA:123,12
DA:124,7
DA:125,7
DA:129,7
DA:130,7
DA:137,12
DA:138,3
DA:139,3
DA:141,3
DA:142,3
DA:146,12
DA:147,3
DA:148,6
DA:150,3
DA:151,3
DA:155,12
DA:156,2
DA:157,5
DA:159,2
DA:160,2
DA:164,12
DA:165,1
DA:166,1
DA:168,1
DA:169,1
DA:173,12
DA:174,8
DA:175,11
DA:177,8
DA:178,8
DA:182,12
DA:183,16
DA:184,9
DA:186,16
DA:187,16
LF:64
LH:63
BRDA:55,0,0,0
BRDA:55,0,1,12
BRDA:101,1,0,14
BRDA:102,2,0,18
BRDA:125,3,0,6
BRDA:125,3,1,1
BRDA:139,4,0,3
BRDA:139,4,1,0
BRDA:148,5,0,3
BRDA:148,5,1,3
BRDA:157,6,0,2
BRDA:157,6,1,3
BRDA:166,7,0,1
BRDA:166,7,1,0
BRDA:175,8,0,8
BRDA:175,8,1,3
BRDA:184,9,0,9
BRDA:184,9,1,3
BRF:18
BRH:15
end_of_record
